app/build/intermediates/manifest_merge_blame_file/debug/manifest-merger-blame-debug-report.txt
1<?xml version="1.0" encoding="utf-8"?>
2<manifest xmlns:android="http://schemas.android.com/apk/res/android"
3    package="com.eddam.heysary"
4    android:versionCode="1"
5    android:versionName="1.0" >
6
7    <uses-sdk
8        android:minSdkVersion="24"
9        android:targetSdkVersion="34" />
10
11    <uses-permission android:name="android.permission.QUERY_ALL_PACKAGES" />
11-->src/main/AndroidManifest.xml:5:5-119
11-->src/main/AndroidManifest.xml:5:22-74
12    <uses-permission android:name="android.permission.SYSTEM_ALERT_WINDOW" />
12-->src/main/AndroidManifest.xml:6:5-77
12-->src/main/AndroidManifest.xml:6:22-75
13    <uses-permission android:name="android.permission.RECORD_AUDIO" />
13-->src/main/AndroidManifest.xml:7:5-70
13-->src/main/AndroidManifest.xml:7:22-68
14    <uses-permission android:name="android.permission.INTERNET" />
14-->src/main/AndroidManifest.xml:8:5-66
14-->src/main/AndroidManifest.xml:8:22-64
15    <uses-permission android:name="android.permission.READ_CONTACTS" />
15-->src/main/AndroidManifest.xml:9:5-71
15-->src/main/AndroidManifest.xml:9:22-69
16    <uses-permission android:name="android.permission.CALL_PHONE" />
16-->src/main/AndroidManifest.xml:10:5-68
16-->src/main/AndroidManifest.xml:10:22-66
17    <uses-permission android:name="android.permission.ACCESS_FINE_LOCATION" />
17-->src/main/AndroidManifest.xml:11:5-78
17-->src/main/AndroidManifest.xml:11:22-76
18    <uses-permission android:name="android.permission.ACCESS_COARSE_LOCATION" />
18-->src/main/AndroidManifest.xml:12:5-80
18-->src/main/AndroidManifest.xml:12:22-78
19    <uses-permission android:name="android.permission.FOREGROUND_SERVICE" />
19-->src/main/AndroidManifest.xml:13:5-76
19-->src/main/AndroidManifest.xml:13:22-74
20    <uses-permission android:name="android.permission.POST_NOTIFICATIONS" />
20-->src/main/AndroidManifest.xml:14:5-76
20-->src/main/AndroidManifest.xml:14:22-74
21    <uses-permission android:name="android.permission.FOREGROUND_SERVICE_SPECIAL_USE" />
21-->src/main/AndroidManifest.xml:15:5-88
21-->src/main/AndroidManifest.xml:15:22-86
22    <uses-permission android:name="android.permission.SCHEDULE_EXACT_ALARM" />
22-->src/main/AndroidManifest.xml:16:5-78
22-->src/main/AndroidManifest.xml:16:22-76
23    <uses-permission android:name="android.permission.USE_EXACT_ALARM" />
23-->src/main/AndroidManifest.xml:17:5-74
23-->src/main/AndroidManifest.xml:17:22-71
24
25    <permission
25-->[androidx.core:core:1.12.0] AndroidManifest.xml:22:5-24:47
26        android:name="com.eddam.heysary.DYNAMIC_RECEIVER_NOT_EXPORTED_PERMISSION"
26-->[androidx.core:core:1.12.0] AndroidManifest.xml:23:9-81
27        android:protectionLevel="signature" />
27-->[androidx.core:core:1.12.0] AndroidManifest.xml:24:9-44
28
29    <uses-permission android:name="com.eddam.heysary.DYNAMIC_RECEIVER_NOT_EXPORTED_PERMISSION" />
29-->[androidx.core:core:1.12.0] AndroidManifest.xml:26:5-97
29-->[androidx.core:core:1.12.0] AndroidManifest.xml:26:22-94
30
31    <application
31-->src/main/AndroidManifest.xml:19:5-108:19
32        android:allowBackup="true"
32-->src/main/AndroidManifest.xml:20:9-35
33        android:appComponentFactory="androidx.core.app.CoreComponentFactory"
33-->[androidx.core:core:1.12.0] AndroidManifest.xml:28:18-86
34        android:debuggable="true"
35        android:extractNativeLibs="false"
36        android:icon="@drawable/ic_launcher"
36-->src/main/AndroidManifest.xml:21:9-45
37        android:label="@string/app_name"
37-->src/main/AndroidManifest.xml:22:9-41
38        android:roundIcon="@drawable/ic_launcher"
38-->src/main/AndroidManifest.xml:23:9-50
39        android:supportsRtl="true"
39-->src/main/AndroidManifest.xml:24:9-35
40        android:theme="@style/Theme.HeySary"
40-->src/main/AndroidManifest.xml:26:9-45
41        android:usesCleartextTraffic="true" >
41-->src/main/AndroidManifest.xml:25:9-44
42        <activity
42-->src/main/AndroidManifest.xml:27:9-34:20
43            android:name="com.eddam.heysary.MainActivity"
43-->src/main/AndroidManifest.xml:28:13-41
44            android:exported="true" >
44-->src/main/AndroidManifest.xml:29:13-36
45            <intent-filter>
45-->src/main/AndroidManifest.xml:30:13-33:29
46                <action android:name="android.intent.action.MAIN" />
46-->src/main/AndroidManifest.xml:31:17-69
46-->src/main/AndroidManifest.xml:31:25-66
47
48                <category android:name="android.intent.category.LAUNCHER" />
48-->src/main/AndroidManifest.xml:32:17-77
48-->src/main/AndroidManifest.xml:32:27-74
49            </intent-filter>
50        </activity>
51        <activity
51-->src/main/AndroidManifest.xml:36:9-80
52            android:name="com.eddam.heysary.DashboardActivity"
52-->src/main/AndroidManifest.xml:36:19-52
53            android:exported="false" />
53-->src/main/AndroidManifest.xml:36:53-77
54        <activity
54-->src/main/AndroidManifest.xml:37:9-79
55            android:name="com.eddam.heysary.SettingsActivity"
55-->src/main/AndroidManifest.xml:37:19-51
56            android:exported="false" />
56-->src/main/AndroidManifest.xml:37:52-76
57        <activity
57-->src/main/AndroidManifest.xml:38:9-80
58            android:name="com.eddam.heysary.ProtocolsActivity"
58-->src/main/AndroidManifest.xml:38:19-52
59            android:exported="false" />
59-->src/main/AndroidManifest.xml:38:53-77
60        <activity
60-->src/main/AndroidManifest.xml:39:9-85
61            android:name="com.eddam.heysary.WhatsAppStatusActivity"
61-->src/main/AndroidManifest.xml:39:19-57
62            android:exported="false" />
62-->src/main/AndroidManifest.xml:39:58-82
63
64        <receiver
64-->src/main/AndroidManifest.xml:41:9-47:20
65            android:name="com.eddam.heysary.ProtocolReceiver"
65-->src/main/AndroidManifest.xml:41:19-51
66            android:enabled="true"
66-->src/main/AndroidManifest.xml:42:13-35
67            android:exported="true" >
67-->src/main/AndroidManifest.xml:43:13-36
68            <intent-filter>
68-->src/main/AndroidManifest.xml:44:13-46:29
69                <action android:name="com.eddam.heysary.START_PROTOCOL" />
69-->src/main/AndroidManifest.xml:45:17-75
69-->src/main/AndroidManifest.xml:45:25-72
70            </intent-filter>
71        </receiver>
72
73        <service
73-->src/main/AndroidManifest.xml:49:9-56:19
74            android:name="com.eddam.heysary.AssistantOverlayService"
74-->src/main/AndroidManifest.xml:50:13-52
75            android:enabled="true"
75-->src/main/AndroidManifest.xml:51:13-35
76            android:exported="false"
76-->src/main/AndroidManifest.xml:52:13-37
77            android:foregroundServiceType="specialUse" >
77-->src/main/AndroidManifest.xml:53:13-55
78            <property
78-->src/main/AndroidManifest.xml:54:13-55:116
79                android:name="android.app.PROPERTY_SPECIAL_USE_FGS_SUBTYPE"
79-->src/main/AndroidManifest.xml:54:23-82
80                android:value="Asistente de IA proactivo para rutinas diarias y automatización de dispositivos." />
80-->src/main/AndroidManifest.xml:55:17-113
81        </service>
82        <service
82-->src/main/AndroidManifest.xml:58:9-69:19
83            android:name="com.eddam.heysary.HeySaryAssistantService"
83-->src/main/AndroidManifest.xml:59:13-52
84            android:exported="true"
84-->src/main/AndroidManifest.xml:62:13-36
85            android:label="HeySary"
85-->src/main/AndroidManifest.xml:60:13-36
86            android:permission="android.permission.BIND_VOICE_INTERACTION" >
86-->src/main/AndroidManifest.xml:61:13-75
87            <meta-data
87-->src/main/AndroidManifest.xml:63:13-65:60
88                android:name="android.voice_interaction"
88-->src/main/AndroidManifest.xml:64:17-57
89                android:resource="@xml/assistant_config" />
89-->src/main/AndroidManifest.xml:65:17-57
90
91            <intent-filter>
91-->src/main/AndroidManifest.xml:66:13-68:29
92                <action android:name="android.service.voice.VoiceInteractionService" />
92-->src/main/AndroidManifest.xml:67:17-88
92-->src/main/AndroidManifest.xml:67:25-85
93            </intent-filter>
94        </service>
95        <service
95-->src/main/AndroidManifest.xml:71:9-74:39
96            android:name="com.eddam.heysary.HeySaryAssistantSessionService"
96-->src/main/AndroidManifest.xml:72:13-59
97            android:exported="true"
97-->src/main/AndroidManifest.xml:74:13-36
98            android:permission="android.permission.BIND_VOICE_INTERACTION" />
98-->src/main/AndroidManifest.xml:73:13-75
99        <service
99-->src/main/AndroidManifest.xml:76:9-84:19
100            android:name="com.eddam.heysary.HeySaryRecognitionService"
100-->src/main/AndroidManifest.xml:77:13-54
101            android:exported="true"
101-->src/main/AndroidManifest.xml:78:13-36
102            android:permission="android.permission.BIND_VOICE_INTERACTION" >
102-->src/main/AndroidManifest.xml:79:13-75
103            <intent-filter>
103-->src/main/AndroidManifest.xml:80:13-83:29
104                <action android:name="android.speech.RecognitionService" />
104-->src/main/AndroidManifest.xml:81:17-76
104-->src/main/AndroidManifest.xml:81:25-73
105
106                <category android:name="android.intent.category.DEFAULT" />
106-->src/main/AndroidManifest.xml:82:17-76
106-->src/main/AndroidManifest.xml:82:27-73
107            </intent-filter>
108        </service>
109        <service
109-->src/main/AndroidManifest.xml:86:9-94:19
110            android:name="com.eddam.heysary.SaryNotificationListener"
110-->src/main/AndroidManifest.xml:87:13-53
111            android:exported="true"
111-->src/main/AndroidManifest.xml:90:13-36
112            android:label="HeySary Listener"
112-->src/main/AndroidManifest.xml:88:13-45
113            android:permission="android.permission.BIND_NOTIFICATION_LISTENER_SERVICE" >
113-->src/main/AndroidManifest.xml:89:13-87
114            <intent-filter>
114-->src/main/AndroidManifest.xml:91:13-93:29
115                <action android:name="android.service.notification.NotificationListenerService" />
115-->src/main/AndroidManifest.xml:92:17-99
115-->src/main/AndroidManifest.xml:92:25-96
116            </intent-filter>
117        </service>
118
119        <activity
119-->src/main/AndroidManifest.xml:96:9-80
120            android:name="com.eddam.heysary.WhitelistActivity"
120-->src/main/AndroidManifest.xml:96:19-52
121            android:exported="false" />
121-->src/main/AndroidManifest.xml:96:53-77
122
123        <receiver
123-->src/main/AndroidManifest.xml:98:9-107:20
124            android:name="com.eddam.heysary.HeySaryWidgetProvider"
124-->src/main/AndroidManifest.xml:99:13-50
125            android:exported="true" >
125-->src/main/AndroidManifest.xml:100:13-36
126            <intent-filter>
126-->src/main/AndroidManifest.xml:101:13-103:29
127                <action android:name="android.appwidget.action.APPWIDGET_UPDATE" />
127-->src/main/AndroidManifest.xml:102:17-84
127-->src/main/AndroidManifest.xml:102:25-81
128            </intent-filter>
129
130            <meta-data
130-->src/main/AndroidManifest.xml:104:13-106:55
131                android:name="android.appwidget.provider"
131-->src/main/AndroidManifest.xml:105:17-58
132                android:resource="@xml/widget_info" />
132-->src/main/AndroidManifest.xml:106:17-52
133        </receiver>
134
135        <provider
135-->[androidx.emoji2:emoji2:1.2.0] AndroidManifest.xml:24:9-32:20
136            android:name="androidx.startup.InitializationProvider"
136-->[androidx.emoji2:emoji2:1.2.0] AndroidManifest.xml:25:13-67
137            android:authorities="com.eddam.heysary.androidx-startup"
137-->[androidx.emoji2:emoji2:1.2.0] AndroidManifest.xml:26:13-68
138            android:exported="false" >
138-->[androidx.emoji2:emoji2:1.2.0] AndroidManifest.xml:27:13-37
139            <meta-data
139-->[androidx.emoji2:emoji2:1.2.0] AndroidManifest.xml:29:13-31:52
140                android:name="androidx.emoji2.text.EmojiCompatInitializer"
140-->[androidx.emoji2:emoji2:1.2.0] AndroidManifest.xml:30:17-75
141                android:value="androidx.startup" />
141-->[androidx.emoji2:emoji2:1.2.0] AndroidManifest.xml:31:17-49
142            <meta-data
142-->[androidx.lifecycle:lifecycle-process:2.6.1] AndroidManifest.xml:29:13-31:52
143                android:name="androidx.lifecycle.ProcessLifecycleInitializer"
143-->[androidx.lifecycle:lifecycle-process:2.6.1] AndroidManifest.xml:30:17-78
144                android:value="androidx.startup" />
144-->[androidx.lifecycle:lifecycle-process:2.6.1] AndroidManifest.xml:31:17-49
145            <meta-data
145-->[androidx.profileinstaller:profileinstaller:1.3.0] AndroidManifest.xml:29:13-31:52
146                android:name="androidx.profileinstaller.ProfileInstallerInitializer"
146-->[androidx.profileinstaller:profileinstaller:1.3.0] AndroidManifest.xml:30:17-85
147                android:value="androidx.startup" />
147-->[androidx.profileinstaller:profileinstaller:1.3.0] AndroidManifest.xml:31:17-49
148        </provider>
149
150        <activity
150-->[com.google.android.gms:play-services-base:18.1.0] AndroidManifest.xml:20:9-22:45
151            android:name="com.google.android.gms.common.api.GoogleApiActivity"
151-->[com.google.android.gms:play-services-base:18.1.0] AndroidManifest.xml:20:19-85
152            android:exported="false"
152-->[com.google.android.gms:play-services-base:18.1.0] AndroidManifest.xml:22:19-43
153            android:theme="@android:style/Theme.Translucent.NoTitleBar" />
153-->[com.google.android.gms:play-services-base:18.1.0] AndroidManifest.xml:21:19-78
154
155        <meta-data
155-->[com.google.android.gms:play-services-basement:18.1.0] AndroidManifest.xml:21:9-23:69
156            android:name="com.google.android.gms.version"
156-->[com.google.android.gms:play-services-basement:18.1.0] AndroidManifest.xml:22:13-58
157            android:value="@integer/google_play_services_version" />
157-->[com.google.android.gms:play-services-basement:18.1.0] AndroidManifest.xml:23:13-66
158
159        <receiver
159-->[androidx.profileinstaller:profileinstaller:1.3.0] AndroidManifest.xml:34:9-52:20
160            android:name="androidx.profileinstaller.ProfileInstallReceiver"
160-->[androidx.profileinstaller:profileinstaller:1.3.0] AndroidManifest.xml:35:13-76
161            android:directBootAware="false"
161-->[androidx.profileinstaller:profileinstaller:1.3.0] AndroidManifest.xml:36:13-44
162            android:enabled="true"
162-->[androidx.profileinstaller:profileinstaller:1.3.0] AndroidManifest.xml:37:13-35
163            android:exported="true"
163-->[androidx.profileinstaller:profileinstaller:1.3.0] AndroidManifest.xml:38:13-36
164            android:permission="android.permission.DUMP" >
164-->[androidx.profileinstaller:profileinstaller:1.3.0] AndroidManifest.xml:39:13-57
165            <intent-filter>
165-->[androidx.profileinstaller:profileinstaller:1.3.0] AndroidManifest.xml:40:13-42:29
166                <action android:name="androidx.profileinstaller.action.INSTALL_PROFILE" />
166-->[androidx.profileinstaller:profileinstaller:1.3.0] AndroidManifest.xml:41:17-91
166-->[androidx.profileinstaller:profileinstaller:1.3.0] AndroidManifest.xml:41:25-88
167            </intent-filter>
168            <intent-filter>
168-->[androidx.profileinstaller:profileinstaller:1.3.0] AndroidManifest.xml:43:13-45:29
169                <action android:name="androidx.profileinstaller.action.SKIP_FILE" />
169-->[androidx.profileinstaller:profileinstaller:1.3.0] AndroidManifest.xml:44:17-85
169-->[androidx.profileinstaller:profileinstaller:1.3.0] AndroidManifest.xml:44:25-82
170            </intent-filter>
171            <intent-filter>
171-->[androidx.profileinstaller:profileinstaller:1.3.0] AndroidManifest.xml:46:13-48:29
172                <action android:name="androidx.profileinstaller.action.SAVE_PROFILE" />
172-->[androidx.profileinstaller:profileinstaller:1.3.0] AndroidManifest.xml:47:17-88
172-->[androidx.profileinstaller:profileinstaller:1.3.0] AndroidManifest.xml:47:25-85
173            </intent-filter>
174            <intent-filter>
174-->[androidx.profileinstaller:profileinstaller:1.3.0] AndroidManifest.xml:49:13-51:29
175                <action android:name="androidx.profileinstaller.action.BENCHMARK_OPERATION" />
175-->[androidx.profileinstaller:profileinstaller:1.3.0] AndroidManifest.xml:50:17-95
175-->[androidx.profileinstaller:profileinstaller:1.3.0] AndroidManifest.xml:50:25-92
176            </intent-filter>
177        </receiver>
178    </application>
179
180</manifest>